\BOOKMARK [0][-]{chapter.1}{What's new in version 1.2.0}{}
\BOOKMARK [0][-]{chapter.2}{Introduction}{}
\BOOKMARK [1][-]{section.2.1}{The MAST Kitchen}{chapter.2}
\BOOKMARK [1][-]{section.2.2}{Computing in the MAST Kitchen}{chapter.2}
\BOOKMARK [0][-]{chapter.3}{Ingredients}{}
\BOOKMARK [0][-]{chapter.4}{Recipes}{}
\BOOKMARK [0][-]{chapter.5}{Installation}{}
\BOOKMARK [1][-]{section.5.1}{Do pre-installation steps}{chapter.5}
\BOOKMARK [1][-]{section.5.2}{Verify your Python version}{chapter.5}
\BOOKMARK [1][-]{section.5.3}{Install dependencies}{chapter.5}
\BOOKMARK [1][-]{section.5.4}{Set up the pymatgen VASP\137PSP\137DIR}{chapter.5}
\BOOKMARK [1][-]{section.5.5}{Install MAST}{chapter.5}
\BOOKMARK [1][-]{section.5.6}{Additional setup}{chapter.5}
\BOOKMARK [1][-]{section.5.7}{Run unit tests \(optional\)}{chapter.5}
\BOOKMARK [0][-]{chapter.6}{Trying out MAST}{}
\BOOKMARK [0][-]{chapter.7}{Input File}{}
\BOOKMARK [1][-]{section.7.1}{General structure of the input file}{chapter.7}
\BOOKMARK [1][-]{section.7.2}{Sections of the input file}{chapter.7}
\BOOKMARK [1][-]{section.7.3}{Looping in the input file}{chapter.7}
\BOOKMARK [0][-]{chapter.8}{Sections of the Input File}{}
\BOOKMARK [1][-]{section.8.1}{The MAST section}{chapter.8}
\BOOKMARK [1][-]{section.8.2}{The Structure section}{chapter.8}
\BOOKMARK [1][-]{section.8.3}{The Ingredients section}{chapter.8}
\BOOKMARK [1][-]{section.8.4}{The Recipe section}{chapter.8}
\BOOKMARK [1][-]{section.8.5}{The Personal Recipe section}{chapter.8}
\BOOKMARK [1][-]{section.8.6}{The Defects section}{chapter.8}
\BOOKMARK [1][-]{section.8.7}{The NEB section}{chapter.8}
\BOOKMARK [1][-]{section.8.8}{The Chemical Potentials section}{chapter.8}
\BOOKMARK [1][-]{section.8.9}{The Summary section}{chapter.8}
\BOOKMARK [0][-]{chapter.9}{Running MAST for real}{}
\BOOKMARK [1][-]{section.9.1}{General notes}{chapter.9}
\BOOKMARK [1][-]{section.9.2}{Inputting an input file}{chapter.9}
\BOOKMARK [1][-]{section.9.3}{Running MAST}{chapter.9}
\BOOKMARK [1][-]{section.9.4}{Running MAST repeatedly}{chapter.9}
\BOOKMARK [0][-]{chapter.10}{MAST post-processing utilities}{}
\BOOKMARK [1][-]{section.10.1}{Defect formation energy with finite-size scaling}{chapter.10}
\BOOKMARK [1][-]{section.10.2}{Defect formation energy versus Fermi energy}{chapter.10}
\BOOKMARK [1][-]{section.10.3}{Diffusion coefficient}{chapter.10}
\BOOKMARK [0][-]{chapter.11}{Standalone Tools}{}
\BOOKMARK [1][-]{section.11.1}{Defect Finder}{chapter.11}
\BOOKMARK [1][-]{section.11.2}{Effective Grain Boundary Diffusivity Calculator}{chapter.11}
\BOOKMARK [1][-]{section.11.3}{Particle Trajectory Diffusion Analyzer}{chapter.11}
\BOOKMARK [1][-]{section.11.4}{Diffusion Connectivity}{chapter.11}
\BOOKMARK [0][-]{chapter.12}{Programming for MAST}{}
\BOOKMARK [1][-]{section.12.1}{Object hierarchy}{chapter.12}
\BOOKMARK [1][-]{section.12.2}{Code hooks in the input file}{chapter.12}
\BOOKMARK [0][-]{chapter.13}{Acknowledgments}{}
\BOOKMARK [1][-]{section.13.1}{The MAST Team}{chapter.13}
\BOOKMARK [1][-]{section.13.2}{NSF}{chapter.13}
\BOOKMARK [1][-]{section.13.3}{pymatgen}{chapter.13}
\BOOKMARK [0][-]{chapter.14}{Citations}{}
\BOOKMARK [1][-]{section.14.1}{Citing MAST}{chapter.14}
\BOOKMARK [1][-]{section.14.2}{Full list of possible citations}{chapter.14}
\BOOKMARK [0][-]{chapter.15}{Contact Us}{}
\BOOKMARK [0][-]{chapter.16}{License}{}
