\BOOKMARK [0][-]{chapter.1}{Introduction}{}
\BOOKMARK [1][-]{section.1.1}{The MAST Kitchen}{chapter.1}
\BOOKMARK [1][-]{section.1.2}{Computing in the MAST Kitchen}{chapter.1}
\BOOKMARK [0][-]{chapter.2}{Installation}{}
\BOOKMARK [1][-]{section.2.1}{Installation}{chapter.2}
\BOOKMARK [1][-]{section.2.2}{Test that MAST can run}{chapter.2}
\BOOKMARK [1][-]{section.2.3}{Platform Support}{chapter.2}
\BOOKMARK [1][-]{section.2.4}{Unit testing}{chapter.2}
\BOOKMARK [0][-]{chapter.3}{Ingredients}{}
\BOOKMARK [0][-]{chapter.4}{Input File}{}
\BOOKMARK [1][-]{section.4.1}{Introduction to the Input File}{chapter.4}
\BOOKMARK [1][-]{section.4.2}{The MAST section}{chapter.4}
\BOOKMARK [1][-]{section.4.3}{The Structure section}{chapter.4}
\BOOKMARK [1][-]{section.4.4}{The Ingredients section}{chapter.4}
\BOOKMARK [1][-]{section.4.5}{The Recipe section}{chapter.4}
\BOOKMARK [1][-]{section.4.6}{The Defects section \(optional\)}{chapter.4}
\BOOKMARK [1][-]{section.4.7}{The chemical potentials section}{chapter.4}
\BOOKMARK [1][-]{section.4.8}{The NEB section}{chapter.4}
\BOOKMARK [1][-]{section.4.9}{Creating several input files at once: the looped input file}{chapter.4}
\BOOKMARK [1][-]{section.4.10}{Full example}{chapter.4}
\BOOKMARK [0][-]{chapter.5}{The Recipe}{}
\BOOKMARK [1][-]{section.5.1}{Introduction to the Recipe}{chapter.5}
\BOOKMARK [0][-]{chapter.6}{Examples}{}
\BOOKMARK [1][-]{section.6.1}{Full example: defects, charges, NEB, phonons}{chapter.6}
\BOOKMARK [1][-]{section.6.2}{Small example: generic program \(here, Genetic Algorithm\)}{chapter.6}
\BOOKMARK [0][-]{chapter.7}{Running MAST}{}
\BOOKMARK [1][-]{section.7.1}{General notes}{chapter.7}
\BOOKMARK [1][-]{section.7.2}{Inputting an input file}{chapter.7}
\BOOKMARK [1][-]{section.7.3}{Running MAST}{chapter.7}
\BOOKMARK [1][-]{section.7.4}{Running MAST repeatedly}{chapter.7}
\BOOKMARK [0][-]{chapter.8}{MAST post-processing utilities}{}
\BOOKMARK [1][-]{section.8.1}{Defect formation energy}{chapter.8}
\BOOKMARK [1][-]{section.8.2}{Diffusion coefficient}{chapter.8}
\BOOKMARK [1][-]{section.8.3}{Defect finder}{chapter.8}
\BOOKMARK [0][-]{chapter.9}{External Packages}{}
\BOOKMARK [0][-]{chapter.10}{MAST personnel}{}
